<?xml version="1.0" encoding="UTF-8"?>
<testng-results ignored="0" total="1" passed="1" failed="0" skipped="0">
  <reporter-output>
  </reporter-output>
  <suite started-at="2022-05-23T21:02:43 IST" name="Default suite" finished-at="2022-05-23T21:02:52 IST" duration-ms="8884">
    <groups>
    </groups>
    <test started-at="2022-05-23T21:02:43 IST" name="Default test" finished-at="2022-05-23T21:02:52 IST" duration-ms="8884">
      <class name="test.EndToEndTest">
        <test-method is-config="true" signature="loadProperties()[pri:0, instance:test.EndToEndTest@434a63ab]" started-at="2022-05-23T21:02:43 IST" name="loadProperties" finished-at="2022-05-23T21:02:43 IST" duration-ms="9" status="PASS">
          <reporter-output>
          </reporter-output>
        </test-method> <!-- loadProperties -->
        <test-method signature="EndToEnd()[pri:1, instance:test.EndToEndTest@434a63ab]" started-at="2022-05-23T21:02:43 IST" name="EndToEnd" finished-at="2022-05-23T21:02:52 IST" duration-ms="8840" status="PASS">
          <reporter-output>
          </reporter-output>
        </test-method> <!-- EndToEnd -->
      </class> <!-- test.EndToEndTest -->
    </test> <!-- Default test -->
  </suite> <!-- Default suite -->
</testng-results>
